# JRE version: Java(TM) SE Runtime Environment (21.0.4+8) (build 21.0.4+8-LTS-274)
# Java VM: Java HotSpot(TM) 64-Bit Server VM (21.0.4+8-LTS-274, mixed mode, sharing, tiered, compressed oops, compressed class ptrs, g1 gc, windows-amd64)
GC Precious Log:
 CardTable entry size: 512
 Card Set container configuration: InlinePtr #cards 5 size 8 Array Of Cards #cards 12 size 40 Howl #buckets 4 coarsen threshold 1843 Howl Bitmap #cards 512 size 80 coarsen threshold 460 Card regions per heap region 1 cards per card region 2048
 CPUs: 12 total, 12 available
 Memory: 6986M
 Large Page Support: Disabled
 NUMA Support: Disabled
 Compressed Oops: Enabled (32-bit)
 Heap Region Size: 1M
 Heap Min Capacity: 8M
 Heap Initial Capacity: 110M
 Heap Max Capacity: 1748M
 Pre-touch: Disabled
 Parallel Workers: 10
 Concurrent Workers: 3
 Concurrent Refinement Workers: 10
 Periodic GC: Disabled
Heap:
 garbage-first heap   total 70656K, used 52120K [0x0000000092c00000, 0x0000000100000000)
  region size 1024K, 26 young (26624K), 1 survivors (1024K)
 Metaspace       used 28914K, committed 29312K, reserved 1114112K
  class space    used 3850K, committed 4032K, reserved 1048576K
GC Heap History (14 events):
Event: 1.155 GC heap before
{Heap before GC invocations=0 (full 0):
 garbage-first heap   total 112640K, used 23552K [0x0000000092c00000, 0x0000000100000000)
  region size 1024K, 23 young (23552K), 0 survivors (0K)
 Metaspace       used 6455K, committed 6720K, reserved 1114112K
  class space    used 687K, committed 832K, reserved 1048576K
}
Event: 1.173 GC heap after
{Heap after GC invocations=1 (full 0):
 garbage-first heap   total 112640K, used 7168K [0x0000000092c00000, 0x0000000100000000)
  region size 1024K, 3 young (3072K), 3 survivors (3072K)
 Metaspace       used 6455K, committed 6720K, reserved 1114112K
  class space    used 687K, committed 832K, reserved 1048576K
}
Event: 2.224 GC heap before
{Heap before GC invocations=1 (full 0):
 garbage-first heap   total 112640K, used 35840K [0x0000000092c00000, 0x0000000100000000)
  region size 1024K, 32 young (32768K), 3 survivors (3072K)
 Metaspace       used 14308K, committed 14656K, reserved 1114112K
  class space    used 1800K, committed 1984K, reserved 1048576K
}
Event: 2.232 GC heap after
{Heap after GC invocations=2 (full 0):
 garbage-first heap   total 112640K, used 10985K [0x0000000092c00000, 0x0000000100000000)
  region size 1024K, 4 young (4096K), 4 survivors (4096K)
 Metaspace       used 14308K, committed 14656K, reserved 1114112K
  class space    used 1800K, committed 1984K, reserved 1048576K
}
Event: 5.253 GC heap before
{Heap before GC invocations=2 (full 0):
 garbage-first heap   total 112640K, used 39657K [0x0000000092c00000, 0x0000000100000000)
  region size 1024K, 34 young (34816K), 4 survivors (4096K)
 Metaspace       used 21133K, committed 21504K, reserved 1114112K
  class space    used 2715K, committed 2880K, reserved 1048576K
}
Event: 5.262 GC heap after
{Heap after GC invocations=3 (full 0):
 garbage-first heap   total 112640K, used 14936K [0x0000000092c00000, 0x0000000100000000)
  region size 1024K, 8 young (8192K), 8 survivors (8192K)
 Metaspace       used 21133K, committed 21504K, reserved 1114112K
  class space    used 2715K, committed 2880K, reserved 1048576K
}
Event: 6.135 GC heap before
{Heap before GC invocations=4 (full 0):
 garbage-first heap   total 58368K, used 40536K [0x0000000092c00000, 0x0000000100000000)
  region size 1024K, 34 young (34816K), 8 survivors (8192K)
 Metaspace       used 23804K, committed 24320K, reserved 1114112K
  class space    used 3155K, committed 3392K, reserved 1048576K
}
Event: 6.146 GC heap after
{Heap after GC invocations=5 (full 0):
 garbage-first heap   total 58368K, used 18246K [0x0000000092c00000, 0x0000000100000000)
  region size 1024K, 4 young (4096K), 4 survivors (4096K)
 Metaspace       used 23804K, committed 24320K, reserved 1114112K
  class space    used 3155K, committed 3392K, reserved 1048576K
}
Event: 6.570 GC heap before
{Heap before GC invocations=5 (full 0):
 garbage-first heap   total 58368K, used 43846K [0x0000000092c00000, 0x0000000100000000)
  region size 1024K, 29 young (29696K), 4 survivors (4096K)
 Metaspace       used 26035K, committed 26496K, reserved 1114112K
  class space    used 3680K, committed 3904K, reserved 1048576K
}
Event: 6.577 GC heap after
{Heap after GC invocations=6 (full 0):
 garbage-first heap   total 58368K, used 19623K [0x0000000092c00000, 0x0000000100000000)
  region size 1024K, 3 young (3072K), 3 survivors (3072K)
 Metaspace       used 26035K, committed 26496K, reserved 1114112K
  class space    used 3680K, committed 3904K, reserved 1048576K
}
Event: 7.357 GC heap before
{Heap before GC invocations=6 (full 0):
 garbage-first heap   total 58368K, used 45223K [0x0000000092c00000, 0x0000000100000000)
  region size 1024K, 27 young (27648K), 3 survivors (3072K)
 Metaspace       used 27366K, committed 27840K, reserved 1114112K
  class space    used 3756K, committed 3968K, reserved 1048576K
}
Event: 7.364 GC heap after
{Heap after GC invocations=7 (full 0):
 garbage-first heap   total 70656K, used 26104K [0x0000000092c00000, 0x0000000100000000)
  region size 1024K, 4 young (4096K), 4 survivors (4096K)
 Metaspace       used 27366K, committed 27840K, reserved 1114112K
  class space    used 3756K, committed 3968K, reserved 1048576K
}
Event: 17.755 GC heap before
{Heap before GC invocations=7 (full 0):
 garbage-first heap   total 70656K, used 55800K [0x0000000092c00000, 0x0000000100000000)
  region size 1024K, 34 young (34816K), 4 survivors (4096K)
 Metaspace       used 28061K, committed 28544K, reserved 1114112K
  class space    used 3765K, committed 3968K, reserved 1048576K
}
Event: 17.762 GC heap after
{Heap after GC invocations=8 (full 0):
 garbage-first heap   total 70656K, used 27544K [0x0000000092c00000, 0x0000000100000000)
  region size 1024K, 1 young (1024K), 1 survivors (1024K)
 Metaspace       used 28061K, committed 28544K, reserved 1114112K
  class space    used 3765K, committed 3968K, reserved 1048576K
}

